********************************************************************************
DUPLICATOR-LITE PACKAGE-LOG: 2017-01-17 13:54:48
NOTICE: Do NOT post to public sites or forums 
********************************************************************************
VERSION:	1.1.26
WORDPRESS:	4.7.1
PHP INFO:	5.5.9-1ubuntu4.20 | SAPI: apache2handler
SERVER:		Apache/2.4.7 (Ubuntu) 
PHP TIME LIMIT: (0) no time limit imposed 
PHP MAX MEMORY: 2048M (128M default) 
MEMORY STACK: 6MB 

********************************************************************************
DATABASE:
********************************************************************************
BUILD MODE:   PHP(query limit - 100)
MYSQLTIMEOUT: 5000
MYSQLDUMP:    Is Supported 
TABLES: total:35 | filtered:0 | create:35 
FILTERED: [] 
SQL CREATED: 20170117_nouveausiteavecplugin_587e21d6efe973493170117135326_database.sql 
SQL FILE SIZE: 1.05MB (1101769) 
SQL FILE TIME: 2017-01-17 13:54:48 
SQL RUNTIME: 0.10 sec. 

******************************************************************************** 
ARCHIVE (ZIP): 
******************************************************************************** 
ARCHIVE DIR:  /var/www/html/TP1/generated_sites/wp-admin 
ARCHIVE FILE: 20170117_nouveausiteavecplugin_587e21d6efe973493170117135326_archive.zip 
FILTERS: *OFF* 
DIRS: not set 
EXTS:  not set 
---------------------------------------- 
COMPRESSING 
SIZE:	34.71MB 
STATS:	Dirs 214 | Files 2,218 
SQL ADDED: 20170117_nouveausiteavecplugin_587e21d6efe973493170117135326_database.sql 
ZipArchive Object
(
    [status] => 0
    [statusSys] => 0
    [numFiles] => 2432
    [filename] => /var/www/html/TP1/generated_sites/wp-admin/wp-snapshots/tmp/20170117_nouveausiteavecplugin_587e21d6efe973493170117135326_archive.zip
    [comment] => 
)
 
COMPRESSION RESULT: '1' 
COMPRESSED SIZE: 14.97MB 
ARCHIVE RUNTIME: 12.77 sec. 
MEMORY STACK: 7.25MB 

******************************************************************************** 
MAKE INSTALLER: 
******************************************************************************** 
Build Start 
Build Finished 
Preping for use 
Template parsed with new data 
Complete [/var/www/html/TP1/generated_sites/wp-admin/wp-snapshots/tmp/20170117_nouveausiteavecplugin_587e21d6efe973493170117135326_installer.php] 
Added to archive 

******************************************************************************** 
INTEGRITY CHECKS: 
******************************************************************************** 
SQL File: 1.05MB 
Installer File: 352.42KB 
Archive File: 14.97MB  

********************************************************************************
RECORD ID:[1]
TOTAL PROCESS RUNTIME: 13.64 sec.
PEAK PHP MEMORY USED: 9.75MB
DONE PROCESSING => 20170117_nouveausiteavecplugin 2017-01-17 13:55:01
 
